K:\FACULTY\CONSOLEAPPLICATION13\CONSOLEAPPLICATION13\DEBUG\SOURCE.OBJ
K:\FACULTY\CONSOLEAPPLICATION13\CONSOLEAPPLICATION13\DEBUG\VC110.PDB
K:\FACULTY\CONSOLEAPPLICATION13\DEBUG\CONSOLEAPPLICATION13.ILK
K:\FACULTY\CONSOLEAPPLICATION13\DEBUG\CONSOLEAPPLICATION13.EXE
K:\FACULTY\CONSOLEAPPLICATION13\DEBUG\CONSOLEAPPLICATION13.PDB
K:\Faculty\ConsoleApplication13\ConsoleApplication13\Debug\Source.obj
K:\Faculty\ConsoleApplication13\ConsoleApplication13\Debug\cl.command.1.tlog
K:\Faculty\ConsoleApplication13\ConsoleApplication13\Debug\CL.read.1.tlog
K:\Faculty\ConsoleApplication13\ConsoleApplication13\Debug\CL.write.1.tlog
K:\Faculty\ConsoleApplication13\ConsoleApplication13\Debug\link-cvtres.read.1.tlog
K:\Faculty\ConsoleApplication13\ConsoleApplication13\Debug\link-cvtres.write.1.tlog
K:\Faculty\ConsoleApplication13\ConsoleApplication13\Debug\link-rc.read.1.tlog
K:\Faculty\ConsoleApplication13\ConsoleApplication13\Debug\link-rc.write.1.tlog
K:\Faculty\ConsoleApplication13\ConsoleApplication13\Debug\link.5744-cvtres.read.1.tlog
K:\Faculty\ConsoleApplication13\ConsoleApplication13\Debug\link.5744-cvtres.write.1.tlog
K:\Faculty\ConsoleApplication13\ConsoleApplication13\Debug\link.5744-rc.read.1.tlog
K:\Faculty\ConsoleApplication13\ConsoleApplication13\Debug\link.5744-rc.write.1.tlog
K:\Faculty\ConsoleApplication13\ConsoleApplication13\Debug\link.5744.read.1.tlog
K:\Faculty\ConsoleApplication13\ConsoleApplication13\Debug\link.5744.write.1.tlog
K:\Faculty\ConsoleApplication13\ConsoleApplication13\Debug\link.command.1.tlog
K:\Faculty\ConsoleApplication13\ConsoleApplication13\Debug\link.read.1.tlog
K:\Faculty\ConsoleApplication13\ConsoleApplication13\Debug\link.write.1.tlog
K:\Faculty\ConsoleApplication13\ConsoleApplication13\Debug\vc110.idb
K:\Faculty\ConsoleApplication13\ConsoleApplication13\Debug\vc110.pdb
K:\Faculty\ConsoleApplication13\Debug\ConsoleApplication13.pdb
K:\Faculty\ConsoleApplication13\Debug\ConsoleApplication13.exe
K:\Faculty\ConsoleApplication13\Debug\ConsoleApplication13.ilk
