Build started 04/07/2017 02:19:52 ص.
     1>Project "K:\Faculty\ConsoleApplication13\ConsoleApplication13\ConsoleApplication13.vcxproj" on node 2 (Build target(s)).
     1>ClCompile:
         C:\Program Files (x86)\Microsoft Visual Studio 11.0\VC\bin\CL.exe /c /ZI /nologo /W3 /WX- /Od /Oy- /D WIN32 /D _DEBUG /D _CONSOLE /D _UNICODE /D UNICODE /Gm /EHsc /RTC1 /MDd /GS /fp:precise /Zc:wchar_t /Zc:forScope /Fo"Debug\\" /Fd"Debug\vc110.pdb" /Gd /TP /analyze- /errorReport:prompt Source.cpp
         Source.cpp
     1>k:\faculty\consoleapplication13\consoleapplication13\source.cpp(38): warning C4244: '+=' : conversion from 'double' to 'float', possible loss of data
     1>k:\faculty\consoleapplication13\consoleapplication13\source.cpp(40): warning C4244: '+=' : conversion from 'double' to 'float', possible loss of data
     1>k:\faculty\consoleapplication13\consoleapplication13\source.cpp(51): warning C4244: '=' : conversion from 'double' to 'float', possible loss of data
     1>k:\faculty\consoleapplication13\consoleapplication13\source.cpp(149): warning C4018: '<' : signed/unsigned mismatch
     1>k:\faculty\consoleapplication13\consoleapplication13\source.cpp(155): warning C4018: '<' : signed/unsigned mismatch
     1>k:\faculty\consoleapplication13\consoleapplication13\source.cpp(157): warning C4244: '=' : conversion from 'double' to 'float', possible loss of data
     1>k:\faculty\consoleapplication13\consoleapplication13\source.cpp(161): warning C4018: '<' : signed/unsigned mismatch
     1>k:\faculty\consoleapplication13\consoleapplication13\source.cpp(163): warning C4244: '=' : conversion from 'double' to 'float', possible loss of data
     1>k:\faculty\consoleapplication13\consoleapplication13\source.cpp(228): warning C4018: '<' : signed/unsigned mismatch
     1>k:\faculty\consoleapplication13\consoleapplication13\source.cpp(256): warning C4244: '=' : conversion from 'double' to 'int', possible loss of data
     1>k:\faculty\consoleapplication13\consoleapplication13\source.cpp(278): warning C4244: 'initializing' : conversion from 'double' to 'int', possible loss of data
     1>k:\faculty\consoleapplication13\consoleapplication13\source.cpp(292): warning C4244: 'initializing' : conversion from 'double' to 'int', possible loss of data
     1>k:\faculty\consoleapplication13\consoleapplication13\source.cpp(306): warning C4244: 'initializing' : conversion from 'double' to 'int', possible loss of data
     1>k:\faculty\consoleapplication13\consoleapplication13\source.cpp(320): warning C4244: 'initializing' : conversion from 'double' to 'int', possible loss of data
     1>k:\faculty\consoleapplication13\consoleapplication13\source.cpp(351): warning C4244: 'initializing' : conversion from 'double' to 'int', possible loss of data
     1>k:\faculty\consoleapplication13\consoleapplication13\source.cpp(393): warning C4244: 'initializing' : conversion from 'double' to 'int', possible loss of data
     1>k:\faculty\consoleapplication13\consoleapplication13\source.cpp(435): warning C4244: 'initializing' : conversion from 'double' to 'int', possible loss of data
     1>k:\faculty\consoleapplication13\consoleapplication13\source.cpp(472): warning C4244: 'initializing' : conversion from 'double' to 'int', possible loss of data
     1>k:\faculty\consoleapplication13\consoleapplication13\source.cpp(505): warning C4244: 'initializing' : conversion from 'double' to 'float', possible loss of data
     1>k:\faculty\consoleapplication13\consoleapplication13\source.cpp(506): warning C4244: 'initializing' : conversion from 'double' to 'float', possible loss of data
     1>k:\faculty\consoleapplication13\consoleapplication13\source.cpp(147): warning C4101: 'v' : unreferenced local variable
       Link:
         C:\Program Files (x86)\Microsoft Visual Studio 11.0\VC\bin\link.exe /ERRORREPORT:PROMPT /OUT:"K:\Faculty\ConsoleApplication13\Debug\ConsoleApplication13.exe" /INCREMENTAL /NOLOGO kernel32.lib user32.lib gdi32.lib winspool.lib comdlg32.lib advapi32.lib shell32.lib ole32.lib oleaut32.lib uuid.lib odbc32.lib odbccp32.lib /MANIFEST /MANIFESTUAC:"level='asInvoker' uiAccess='false'" /manifest:embed /DEBUG /PDB:"K:\Faculty\ConsoleApplication13\Debug\ConsoleApplication13.pdb" /SUBSYSTEM:CONSOLE /TLBID:1 /DYNAMICBASE /NXCOMPAT /IMPLIB:"K:\Faculty\ConsoleApplication13\Debug\ConsoleApplication13.lib" /MACHINE:X86 Debug\Source.obj
         ConsoleApplication13.vcxproj -> K:\Faculty\ConsoleApplication13\Debug\ConsoleApplication13.exe
     1>Done Building Project "K:\Faculty\ConsoleApplication13\ConsoleApplication13\ConsoleApplication13.vcxproj" (Build target(s)).

Build succeeded.

Time Elapsed 00:00:02.09
